<?xml version="1.0" encoding="UTF-8" ?>
<testsuite failures="0" time="1.606" errors="0" skipped="0" tests="9" name="uk.co.dmott.myappiumjunit.myappiumwithcucumber.RunnerTest">
  <properties>
    <property name="java.runtime.name" value="Java(TM) SE Runtime Environment"/>
    <property name="sun.boot.library.path" value="/usr/java/jdk1.7.0_79/jre/lib/amd64"/>
    <property name="java.vm.version" value="24.79-b02"/>
    <property name="java.vm.vendor" value="Oracle Corporation"/>
    <property name="java.vendor.url" value="http://java.oracle.com/"/>
    <property name="path.separator" value=":"/>
    <property name="guice.disable.misplaced.annotation.check" value="true"/>
    <property name="java.vm.name" value="Java HotSpot(TM) 64-Bit Server VM"/>
    <property name="file.encoding.pkg" value="sun.io"/>
    <property name="user.country" value="GB"/>
    <property name="sun.java.launcher" value="SUN_STANDARD"/>
    <property name="sun.os.patch.level" value="unknown"/>
    <property name="java.vm.specification.name" value="Java Virtual Machine Specification"/>
    <property name="user.dir" value="/home/david/workspaceeclipse/myappiumwithcucumber"/>
    <property name="java.runtime.version" value="1.7.0_79-b15"/>
    <property name="java.awt.graphicsenv" value="sun.awt.X11GraphicsEnvironment"/>
    <property name="java.endorsed.dirs" value="/usr/java/jdk1.7.0_79/jre/lib/endorsed"/>
    <property name="os.arch" value="amd64"/>
    <property name="java.io.tmpdir" value="/tmp"/>
    <property name="line.separator" value="
"/>
    <property name="java.vm.specification.vendor" value="Oracle Corporation"/>
    <property name="os.name" value="Linux"/>
    <property name="classworlds.conf" value="/home/david/workspaceeclipse/.metadata/.plugins/org.eclipse.m2e.launching/launches/m2conf677377341838952878.tmp"/>
    <property name="sun.jnu.encoding" value="UTF-8"/>
    <property name="java.library.path" value="/home/david/.linuxbrew/lib::/usr/java/packages/lib/amd64:/usr/lib64:/lib64:/lib:/usr/lib"/>
    <property name="java.specification.name" value="Java Platform API Specification"/>
    <property name="java.class.version" value="51.0"/>
    <property name="sun.management.compiler" value="HotSpot 64-Bit Tiered Compilers"/>
    <property name="os.version" value="3.13.0-62-generic"/>
    <property name="user.home" value="/home/david"/>
    <property name="user.timezone" value="Europe/London"/>
    <property name="java.awt.printerjob" value="sun.print.PSPrinterJob"/>
    <property name="file.encoding" value="UTF-8"/>
    <property name="java.specification.version" value="1.7"/>
    <property name="user.name" value="david"/>
    <property name="java.class.path" value="/home/david/eclipse/eclipse/plugins/org.eclipse.m2e.maven.runtime_1.5.1.20150109-1819/jars/plexus-classworlds-2.5.1.jar"/>
    <property name="org.slf4j.simpleLogger.defaultLogLevel" value="info"/>
    <property name="java.vm.specification.version" value="1.7"/>
    <property name="sun.arch.data.model" value="64"/>
    <property name="java.home" value="/usr/java/jdk1.7.0_79/jre"/>
    <property name="sun.java.command" value="org.codehaus.plexus.classworlds.launcher.Launcher -B test"/>
    <property name="java.specification.vendor" value="Oracle Corporation"/>
    <property name="user.language" value="en"/>
    <property name="awt.toolkit" value="sun.awt.X11.XToolkit"/>
    <property name="java.vm.info" value="mixed mode"/>
    <property name="java.version" value="1.7.0_79"/>
    <property name="java.ext.dirs" value="/usr/java/jdk1.7.0_79/jre/lib/ext:/usr/java/packages/lib/ext"/>
    <property name="securerandom.source" value="file:/dev/./urandom"/>
    <property name="sun.boot.class.path" value="/usr/java/jdk1.7.0_79/jre/lib/resources.jar:/usr/java/jdk1.7.0_79/jre/lib/rt.jar:/usr/java/jdk1.7.0_79/jre/lib/sunrsasign.jar:/usr/java/jdk1.7.0_79/jre/lib/jsse.jar:/usr/java/jdk1.7.0_79/jre/lib/jce.jar:/usr/java/jdk1.7.0_79/jre/lib/charsets.jar:/usr/java/jdk1.7.0_79/jre/lib/jfr.jar:/usr/java/jdk1.7.0_79/jre/classes"/>
    <property name="java.vendor" value="Oracle Corporation"/>
    <property name="maven.home" value="/home/david/workspaceeclipse/myappiumwithcucumber/EMBEDDED"/>
    <property name="file.separator" value="/"/>
    <property name="java.vendor.url.bug" value="http://bugreport.sun.com/bugreport/"/>
    <property name="sun.cpu.endian" value="little"/>
    <property name="sun.io.unicode.encoding" value="UnicodeLittle"/>
    <property name="sun.desktop" value="gnome"/>
    <property name="sun.cpu.isalist" value=""/>
  </properties>
  <testcase time="0.002" classname="Scenario: As a User of the NewMetro app I can enter the beats per minute into the Edit field" name="Given I am on the Control page"/>
  <testcase time="0" classname="Scenario: As a User of the NewMetro app I can enter the beats per minute into the Edit field" name="When I enter &quot;100&quot; into the BPM field"/>
  <testcase time="0.001" classname="Scenario: As a User of the NewMetro app I can enter the beats per minute into the Edit field" name="And I enter the Return key"/>
  <testcase time="0.001" classname="Scenario: As a User of the NewMetro app I can enter the beats per minute into the Edit field" name="Then The Slider will be set to value &quot;100&quot;"/>
  <testcase time="0.782" classname="Scenario: As a User of the NewMetro app I can enter the beats per minute into the Edit field" name="Scenario: As a User of the NewMetro app I can enter the beats per minute into the Edit field"/>
  <testcase time="0.001" classname="Scenario: As a User of the NewMetro app I can enter the beats per minute by using the slider" name="Given I am on the Control page"/>
  <testcase time="0" classname="Scenario: As a User of the NewMetro app I can enter the beats per minute by using the slider" name="When I set the slider bpm value to &quot;100&quot;"/>
  <testcase time="0" classname="Scenario: As a User of the NewMetro app I can enter the beats per minute by using the slider" name="Then The BPM field will be set to value &quot;100&quot;"/>
  <testcase time="0.819" classname="Scenario: As a User of the NewMetro app I can enter the beats per minute by using the slider" name="Scenario: As a User of the NewMetro app I can enter the beats per minute by using the slider"/>
</testsuite>